  imgui-SFML.cpp
C:\Git\hae_gp2\HAE_GP2_Projet_FinSemestre\Libs\imgui-sfml\imgui-SFML.cpp(559,65): warning C4244: 'argument' : conversion de 'const unsigned int' en 'float', perte possible de données
C:\Git\hae_gp2\HAE_GP2_Projet_FinSemestre\Libs\imgui-sfml\imgui-SFML.cpp(559,47): warning C4244: 'argument' : conversion de 'const unsigned int' en 'float', perte possible de données
C:\Git\hae_gp2\HAE_GP2_Projet_FinSemestre\Libs\imgui-sfml\imgui-SFML.cpp(562,67): warning C4244: 'argument' : conversion de 'const int' en 'float', perte possible de données
C:\Git\hae_gp2\HAE_GP2_Projet_FinSemestre\Libs\imgui-sfml\imgui-SFML.cpp(562,48): warning C4244: 'argument' : conversion de 'const int' en 'float', perte possible de données
  imgui.cpp
  imgui_draw.cpp
  imgui_tables.cpp
  imgui_widgets.cpp
  ConsoleAppSFML.cpp
C:\Program Files\Microsoft Visual Studio\2022\Community\VC\Tools\MSVC\14.34.31933\include\filesystem(13): warning STL4038: The contents of <filesystem> are available only with C++17 or later.
C:\Git\hae_gp2\Shooter\Background.hpp(18,11): warning C4244: '=' : conversion de 'int' en 'float', perte possible de données
C:\Git\hae_gp2\Shooter\Background.hpp(24,62): warning C4244: 'argument' : conversion de 'float' en 'T', perte possible de données
          with
          [
              T=int
          ]
C:\Git\hae_gp2\Shooter\ConsoleAppSFML.cpp(64,47): warning C4244: 'argument' : conversion de 'int' en 'T', perte possible de données
          with
          [
              T=float
          ]
C:\Git\hae_gp2\Shooter\ConsoleAppSFML.cpp(81,48): warning C4244: 'argument' : conversion de 'const int' en 'T', perte possible de données
          with
          [
              T=float
          ]
C:\Git\hae_gp2\Shooter\ConsoleAppSFML.cpp(81,32): warning C4244: 'argument' : conversion de 'const int' en 'T', perte possible de données
          with
          [
              T=float
          ]
C:\Git\hae_gp2\Shooter\ConsoleAppSFML.cpp(82,67): warning C4244: 'argument' : conversion de 'const int' en 'T', perte possible de données
          with
          [
              T=float
          ]
C:\Git\hae_gp2\Shooter\ConsoleAppSFML.cpp(82,51): warning C4244: 'argument' : conversion de 'const int' en 'T', perte possible de données
          with
          [
              T=float
          ]
C:\Git\hae_gp2\Shooter\ConsoleAppSFML.cpp(170,32): warning C4244: '-=' : conversion de 'double' en 'float', perte possible de données
C:\Git\hae_gp2\Shooter\ConsoleAppSFML.cpp(193,58): warning C4244: 'argument' : conversion de 'double' en 'float', perte possible de données
  Entity.cpp
C:\Git\hae_gp2\Shooter\Entity.cpp(107,68): warning C4244: 'argument' : conversion de 'int' en 'T', perte possible de données
          with
          [
              T=float
          ]
C:\Git\hae_gp2\Shooter\Entity.cpp(107,40): warning C4244: 'argument' : conversion de 'int' en 'T', perte possible de données
          with
          [
              T=float
          ]
C:\Git\hae_gp2\Shooter\Entity.cpp(186,68): warning C4244: 'argument' : conversion de 'int' en 'T', perte possible de données
          with
          [
              T=float
          ]
C:\Git\hae_gp2\Shooter\Entity.cpp(186,40): warning C4244: 'argument' : conversion de 'int' en 'T', perte possible de données
          with
          [
              T=float
          ]
C:\Git\hae_gp2\Shooter\Entity.cpp(266,60): warning C4244: 'argument' : conversion de 'int' en 'T', perte possible de données
          with
          [
              T=float
          ]
C:\Git\hae_gp2\Shooter\Entity.cpp(266,36): warning C4244: 'argument' : conversion de 'int' en 'T', perte possible de données
          with
          [
              T=float
          ]
  Game.cpp
  Particles.cpp
C:\Git\hae_gp2\Shooter\Particles.cpp(8,55): warning C4244: 'argument' : conversion de 'int' en 'T', perte possible de données
          with
          [
              T=float
          ]
C:\Git\hae_gp2\Shooter\Particles.cpp(8,37): warning C4244: 'argument' : conversion de 'int' en 'T', perte possible de données
          with
          [
              T=float
          ]
C:\Git\hae_gp2\Shooter\Particles.cpp(10,25): warning C4244: '=' : conversion de 'int' en 'float', perte possible de données
C:\Git\hae_gp2\Shooter\Particles.cpp(18,25): warning C4244: '=' : conversion de 'int' en 'float', perte possible de données
C:\Git\hae_gp2\Shooter\Particles.cpp(23,20): warning C4244: '=' : conversion de 'double' en 'T', perte possible de données
          with
          [
              T=float
          ]
C:\Git\hae_gp2\Shooter\Particles.cpp(30,13): warning C4305: '-=' : troncation de 'double' à 'float'
  World.cpp
LINK : warning LNK4098: conflit entre la bibliothèque par défaut 'MSVCRTD' et les autres bibliothèques ; utilisez /NODEFAULTLIB:library
sfml-graphics-s-d.lib(ImageLoader.cpp.obj) : error LNK2001: symbole externe non résolu __imp__CrtDbgReport
sfml-graphics-s-d.lib(Glsl.cpp.obj) : error LNK2001: symbole externe non résolu __imp__CrtDbgReport
sfml-graphics-s-d.lib(Image.cpp.obj) : error LNK2001: symbole externe non résolu __imp__CrtDbgReport
sfml-graphics-s-d.lib(GLCheck.cpp.obj) : error LNK2001: symbole externe non résolu __imp__CrtDbgReport
sfml-graphics-s-d.lib(Shader.cpp.obj) : error LNK2001: symbole externe non résolu __imp__CrtDbgReport
sfml-graphics-s-d.lib(RenderTextureImplFBO.cpp.obj) : error LNK2001: symbole externe non résolu __imp__CrtDbgReport
sfml-graphics-s-d.lib(Color.cpp.obj) : error LNK2001: symbole externe non résolu __imp__CrtDbgReport
sfml-graphics-s-d.lib(Text.cpp.obj) : error LNK2001: symbole externe non résolu __imp__CrtDbgReport
sfml-graphics-s-d.lib(Shape.cpp.obj) : error LNK2001: symbole externe non résolu __imp__CrtDbgReport
sfml-graphics-s-d.lib(VertexArray.cpp.obj) : error LNK2001: symbole externe non résolu __imp__CrtDbgReport
sfml-window-s-d.lib(WglExtensions.cpp.obj) : error LNK2001: symbole externe non résolu __imp__CrtDbgReport
sfml-graphics-s-d.lib(Texture.cpp.obj) : error LNK2001: symbole externe non résolu __imp__CrtDbgReport
sfml-graphics-s-d.lib(RenderTarget.cpp.obj) : error LNK2001: symbole externe non résolu __imp__CrtDbgReport
sfml-graphics-s-d.lib(Font.cpp.obj) : error LNK2001: symbole externe non résolu __imp__CrtDbgReport
sfml-window-s-d.lib(VideoModeImpl.cpp.obj) : error LNK2001: symbole externe non résolu __imp__CrtDbgReport
sfml-window-s-d.lib(JoystickImpl.cpp.obj) : error LNK2001: symbole externe non résolu __imp__CrtDbgReport
sfml-window-s-d.lib(WglContext.cpp.obj) : error LNK2001: symbole externe non résolu __imp__CrtDbgReport
sfml-window-s-d.lib(WindowImplWin32.cpp.obj) : error LNK2001: symbole externe non résolu __imp__CrtDbgReport
sfml-window-s-d.lib(JoystickManager.cpp.obj) : error LNK2001: symbole externe non résolu __imp__CrtDbgReport
sfml-window-s-d.lib(GlContext.cpp.obj) : error LNK2001: symbole externe non résolu __imp__CrtDbgReport
sfml-window-s-d.lib(WindowImpl.cpp.obj) : error LNK2001: symbole externe non résolu __imp__CrtDbgReport
sfml-window-s-d.lib(ClipboardImpl.cpp.obj) : error LNK2001: symbole externe non résolu __imp__CrtDbgReport
imgui-SFML.obj : error LNK2001: symbole externe non résolu __imp__CrtDbgReport
sfml-system-s-d.lib(String.cpp.obj) : error LNK2001: symbole externe non résolu __imp__CrtDbgReport
sfml-window-s-d.lib(Window.cpp.obj) : error LNK2001: symbole externe non résolu __imp__CrtDbgReport
sfml-window-s-d.lib(VideoMode.cpp.obj) : error LNK2001: symbole externe non résolu __imp__CrtDbgReport
sfml-graphics-s-d.lib(ImageLoader.cpp.obj) : error LNK2001: symbole externe non résolu __imp__invalid_parameter
sfml-graphics-s-d.lib(Glsl.cpp.obj) : error LNK2001: symbole externe non résolu __imp__invalid_parameter
sfml-graphics-s-d.lib(Image.cpp.obj) : error LNK2001: symbole externe non résolu __imp__invalid_parameter
sfml-graphics-s-d.lib(GLCheck.cpp.obj) : error LNK2001: symbole externe non résolu __imp__invalid_parameter
sfml-graphics-s-d.lib(Shader.cpp.obj) : error LNK2001: symbole externe non résolu __imp__invalid_parameter
sfml-graphics-s-d.lib(RenderTextureImplFBO.cpp.obj) : error LNK2001: symbole externe non résolu __imp__invalid_parameter
sfml-graphics-s-d.lib(Color.cpp.obj) : error LNK2001: symbole externe non résolu __imp__invalid_parameter
sfml-graphics-s-d.lib(Text.cpp.obj) : error LNK2001: symbole externe non résolu __imp__invalid_parameter
sfml-graphics-s-d.lib(Shape.cpp.obj) : error LNK2001: symbole externe non résolu __imp__invalid_parameter
sfml-graphics-s-d.lib(VertexArray.cpp.obj) : error LNK2001: symbole externe non résolu __imp__invalid_parameter
sfml-window-s-d.lib(WglExtensions.cpp.obj) : error LNK2001: symbole externe non résolu __imp__invalid_parameter
sfml-graphics-s-d.lib(Texture.cpp.obj) : error LNK2001: symbole externe non résolu __imp__invalid_parameter
sfml-graphics-s-d.lib(RenderTarget.cpp.obj) : error LNK2001: symbole externe non résolu __imp__invalid_parameter
sfml-graphics-s-d.lib(Font.cpp.obj) : error LNK2001: symbole externe non résolu __imp__invalid_parameter
sfml-window-s-d.lib(VideoModeImpl.cpp.obj) : error LNK2001: symbole externe non résolu __imp__invalid_parameter
sfml-window-s-d.lib(JoystickImpl.cpp.obj) : error LNK2001: symbole externe non résolu __imp__invalid_parameter
sfml-window-s-d.lib(WglContext.cpp.obj) : error LNK2001: symbole externe non résolu __imp__invalid_parameter
sfml-window-s-d.lib(WindowImplWin32.cpp.obj) : error LNK2001: symbole externe non résolu __imp__invalid_parameter
sfml-window-s-d.lib(JoystickManager.cpp.obj) : error LNK2001: symbole externe non résolu __imp__invalid_parameter
sfml-window-s-d.lib(GlContext.cpp.obj) : error LNK2001: symbole externe non résolu __imp__invalid_parameter
sfml-window-s-d.lib(WindowImpl.cpp.obj) : error LNK2001: symbole externe non résolu __imp__invalid_parameter
sfml-window-s-d.lib(ClipboardImpl.cpp.obj) : error LNK2001: symbole externe non résolu __imp__invalid_parameter
imgui-SFML.obj : error LNK2001: symbole externe non résolu __imp__invalid_parameter
sfml-system-s-d.lib(String.cpp.obj) : error LNK2001: symbole externe non résolu __imp__invalid_parameter
sfml-window-s-d.lib(Window.cpp.obj) : error LNK2001: symbole externe non résolu __imp__invalid_parameter
sfml-window-s-d.lib(VideoMode.cpp.obj) : error LNK2001: symbole externe non résolu __imp__invalid_parameter
sfml-graphics-s-d.lib(Text.cpp.obj) : error LNK2001: symbole externe non résolu __imp__calloc_dbg
sfml-window-s-d.lib(WindowImplWin32.cpp.obj) : error LNK2001: symbole externe non résolu __imp__calloc_dbg
sfml-graphics-s-d.lib(Texture.cpp.obj) : error LNK2001: symbole externe non résolu __imp__calloc_dbg
sfml-graphics-s-d.lib(Font.cpp.obj) : error LNK2001: symbole externe non résolu __imp__calloc_dbg
sfml-graphics-s-d.lib(RenderWindow.cpp.obj) : error LNK2001: symbole externe non résolu __imp__calloc_dbg
sfml-window-s-d.lib(ClipboardImpl.cpp.obj) : error LNK2001: symbole externe non résolu __imp__calloc_dbg
sfml-window-s-d.lib(InputImpl.cpp.obj) : error LNK2001: symbole externe non résolu __imp__calloc_dbg
sfml-window-s-d.lib(JoystickImpl.cpp.obj) : error LNK2001: symbole externe non résolu __imp__calloc_dbg
sfml-window-s-d.lib(WglContext.cpp.obj) : error LNK2001: symbole externe non résolu __imp__calloc_dbg
sfml-window-s-d.lib(Clipboard.cpp.obj) : error LNK2001: symbole externe non résolu __imp__calloc_dbg
sfml-window-s-d.lib(Mouse.cpp.obj) : error LNK2001: symbole externe non résolu __imp__calloc_dbg
sfml-window-s-d.lib(JoystickManager.cpp.obj) : error LNK2001: symbole externe non résolu __imp__calloc_dbg
sfml-window-s-d.lib(WindowImpl.cpp.obj) : error LNK2001: symbole externe non résolu __imp__calloc_dbg
imgui-SFML.obj : error LNK2001: symbole externe non résolu __imp__calloc_dbg
sfml-system-s-d.lib(String.cpp.obj) : error LNK2001: symbole externe non résolu __imp__calloc_dbg
sfml-window-s-d.lib(Joystick.cpp.obj) : error LNK2001: symbole externe non résolu __imp__calloc_dbg
sfml-window-s-d.lib(Window.cpp.obj) : error LNK2001: symbole externe non résolu __imp__calloc_dbg
sfml-window-s-d.lib(JoystickImpl.cpp.obj) : error LNK2001: symbole externe non résolu __imp_RegCloseKey
sfml-window-s-d.lib(JoystickImpl.cpp.obj) : error LNK2001: symbole externe non résolu __imp_RegOpenKeyExW
sfml-window-s-d.lib(JoystickImpl.cpp.obj) : error LNK2001: symbole externe non résolu __imp_RegQueryValueExW
msvcprtd.lib(locale0_implib.obj) : error LNK2001: symbole externe non résolu __imp__free_dbg
msvcprtd.lib(locale0_implib.obj) : error LNK2001: symbole externe non résolu __imp__malloc_dbg
C:\Git\hae_gp2\Shooter\x64\Release\SFML Perso.exe : fatal error LNK1120: 8 externes non résolus
