  ConsoleAppSFML.cpp
C:\Program Files\Microsoft Visual Studio\2022\Community\VC\Tools\MSVC\14.34.31933\include\filesystem(13): warning STL4038: The contents of <filesystem> are available only with C++17 or later.
C:\Git\hae_gp2\HAE_GP2_Projet_FinSemestre\Background.hpp(18,11): warning C4244: '=' : conversion de 'int' en 'float', perte possible de données
C:\Git\hae_gp2\HAE_GP2_Projet_FinSemestre\Background.hpp(24,62): warning C4244: 'argument' : conversion de 'float' en 'T', perte possible de données
          with
          [
              T=int
          ]
C:\Git\hae_gp2\HAE_GP2_Projet_FinSemestre\ConsoleAppSFML.cpp(63,47): warning C4244: 'argument' : conversion de 'int' en 'T', perte possible de données
          with
          [
              T=float
          ]
C:\Git\hae_gp2\HAE_GP2_Projet_FinSemestre\ConsoleAppSFML.cpp(83,48): warning C4244: 'argument' : conversion de 'const int' en 'T', perte possible de données
          with
          [
              T=float
          ]
C:\Git\hae_gp2\HAE_GP2_Projet_FinSemestre\ConsoleAppSFML.cpp(83,32): warning C4244: 'argument' : conversion de 'const int' en 'T', perte possible de données
          with
          [
              T=float
          ]
C:\Git\hae_gp2\HAE_GP2_Projet_FinSemestre\ConsoleAppSFML.cpp(84,67): warning C4244: 'argument' : conversion de 'const int' en 'T', perte possible de données
          with
          [
              T=float
          ]
C:\Git\hae_gp2\HAE_GP2_Projet_FinSemestre\ConsoleAppSFML.cpp(84,51): warning C4244: 'argument' : conversion de 'const int' en 'T', perte possible de données
          with
          [
              T=float
          ]
C:\Git\hae_gp2\HAE_GP2_Projet_FinSemestre\ConsoleAppSFML.cpp(177,47): warning C4244: '=' : conversion de 'int' en 'float', perte possible de données
C:\Git\hae_gp2\HAE_GP2_Projet_FinSemestre\ConsoleAppSFML.cpp(180,32): warning C4244: '-=' : conversion de 'double' en 'float', perte possible de données
C:\Git\hae_gp2\HAE_GP2_Projet_FinSemestre\ConsoleAppSFML.cpp(186,24): warning C4244: 'argument' : conversion de 'double' en 'float', perte possible de données
C:\Git\hae_gp2\HAE_GP2_Projet_FinSemestre\ConsoleAppSFML.cpp(200,24): warning C4244: 'argument' : conversion de 'double' en 'float', perte possible de données
C:\Git\hae_gp2\HAE_GP2_Projet_FinSemestre\ConsoleAppSFML.cpp(205,58): warning C4244: 'argument' : conversion de 'double' en 'float', perte possible de données
  SFML Perso.vcxproj -> C:\Git\hae_gp2\HAE_GP2_Projet_FinSemestre\x64\Debug\SFML Perso.exe
